Looking for git in: git
Using git 2.25.4 from git
> git rev-parse --show-toplevel
> git rev-parse --git-dir
Open repository: /home/sven/games
> git fetch
> git status -z -u
> git symbolic-ref --short HEAD
> git rev-parse master
> git rev-parse --symbolic-full-name master@{u}
> git rev-list --left-right master...refs/remotes/origin/master
> git for-each-ref --format %(refname) %(objectname) --sort -committerdate
> git remote --verbose
> git config --get commit.template
> git status -z -u
> git symbolic-ref --short HEAD
> git rev-parse master
> git rev-parse --symbolic-full-name master@{u}
> git rev-list --left-right master...refs/remotes/origin/master
> git for-each-ref --format %(refname) %(objectname) --sort -committerdate
> git remote --verbose
> git config --get commit.template
> git show :blackJack/blackJack.cpp
> git ls-files --stage -- /home/sven/games/blackJack/blackJack.cpp
> git cat-file -s 4453cf0f9c80a333ad95ef1565bd6ecca3b762bc
> git check-ignore -v -z --stdin
> git ls-files --stage -- /home/sven/games/blackJack/blackJack.cpp
> git cat-file -s 4453cf0f9c80a333ad95ef1565bd6ecca3b762bc
> git show :blackJack/blackJack.cpp
> git check-ignore -v -z --stdin
> git status -z -u
> git symbolic-ref --short HEAD
> git rev-parse master
> git rev-parse --symbolic-full-name master@{u}
> git rev-list --left-right master...refs/remotes/origin/master
> git for-each-ref --format %(refname) %(objectname) --sort -committerdate
> git remote --verbose
> git config --get commit.template
> git status -z -u
> git symbolic-ref --short HEAD
> git rev-parse master
> git rev-parse --symbolic-full-name master@{u}
> git rev-list --left-right master...refs/remotes/origin/master
> git for-each-ref --format %(refname) %(objectname) --sort -committerdate
> git remote --verbose
> git config --get commit.template
> git log --format=%H%n%aN%n%aE%n%at%n%ct%n%P%n%B -z -n21 -- /home/sven/games/blackJack/blackJack.cpp
> git status -z -u
> git symbolic-ref --short HEAD
> git rev-parse master
> git rev-parse --symbolic-full-name master@{u}
> git rev-list --left-right master...refs/remotes/origin/master
> git for-each-ref --format %(refname) %(objectname) --sort -committerdate
> git remote --verbose
> git config --get commit.template
> git add -A -- .
> git commit --quiet --allow-empty-message --file -
> git status -z -u
> git symbolic-ref --short HEAD
> git rev-parse master
> git rev-parse --symbolic-full-name master@{u}
> git rev-list --left-right master...refs/remotes/origin/master
> git for-each-ref --format %(refname) %(objectname) --sort -committerdate
> git remote --verbose
> git config --get commit.template
> git ls-files --stage -- /home/sven/games/blackJack/blackJack.cpp
> git cat-file -s 18bf9ea0f0fb1e919b64b556cee87525541377c0
> git show :blackJack/blackJack.cpp
> git status -z -u
> git symbolic-ref --short HEAD
> git rev-parse master
> git rev-parse --symbolic-full-name master@{u}
> git rev-list --left-right master...refs/remotes/origin/master
> git for-each-ref --format %(refname) %(objectname) --sort -committerdate
> git remote --verbose
> git config --get commit.template
> git push origin master:master
To https://github.com/deadbody13/games.git
   341e68d..0ec20c5  master -> master
> git status -z -u
> git symbolic-ref --short HEAD
> git rev-parse master
> git rev-parse --symbolic-full-name master@{u}
> git rev-list --left-right master...refs/remotes/origin/master
> git for-each-ref --format %(refname) %(objectname) --sort -committerdate
> git remote --verbose
> git config --get commit.template
> git ls-files --stage -- /home/sven/games/blackJack/blackJack.cpp
> git cat-file -s 18bf9ea0f0fb1e919b64b556cee87525541377c0
> git show :blackJack/blackJack.cpp
> git status -z -u
> git symbolic-ref --short HEAD
> git rev-parse master
> git rev-parse --symbolic-full-name master@{u}
> git rev-list --left-right master...refs/remotes/origin/master
> git for-each-ref --format %(refname) %(objectname) --sort -committerdate
> git remote --verbose
> git config --get commit.template
> git rev-list --count 59dbe4ce7ca2116de7e2329b788e46041d552d11.. -- /home/sven/games/blackJack/blackJack.cpp
> git log --format=%H%n%aN%n%aE%n%at%n%ct%n%P%n%B -z -n8 -- /home/sven/games/blackJack/blackJack.cpp
> git show :prime/prime.cpp
> git ls-files --stage -- /home/sven/games/prime/prime.cpp
> git cat-file -s e6ca71eef13896fa1fd1d2f4a4d84b0d06e3f96f
> git show :prime/prime.cpp
> git ls-files --stage -- /home/sven/games/prime/prime.cpp
> git cat-file -s e6ca71eef13896fa1fd1d2f4a4d84b0d06e3f96f
> git log --format=%H%n%aN%n%aE%n%at%n%ct%n%P%n%B -z -n21 -- /home/sven/games/prime/primeList.txt
> git show :prime/primeList.txt
> git ls-files --stage -- /home/sven/games/prime/primeList.txt
> git cat-file -s 6dc8a58ab8ccd643e01b09c07b8ced52126bb833
> git fetch
> git status -z -u
> git symbolic-ref --short HEAD
> git rev-parse master
> git rev-parse --symbolic-full-name master@{u}
> git rev-list --left-right master...refs/remotes/origin/master
> git for-each-ref --format %(refname) %(objectname) --sort -committerdate
> git remote --verbose
> git config --get commit.template
> git ls-files --stage -- /home/sven/games/prime/prime.cpp
> git ls-files --stage -- /home/sven/games/prime/primeList.txt
> git cat-file -s e6ca71eef13896fa1fd1d2f4a4d84b0d06e3f96f
> git cat-file -s 6dc8a58ab8ccd643e01b09c07b8ced52126bb833
> git show :prime/prime.cpp
> git show :prime/primeList.txt
> git status -z -u
> git symbolic-ref --short HEAD
> git rev-parse master
> git rev-parse --symbolic-full-name master@{u}
> git rev-list --left-right master...refs/remotes/origin/master
> git for-each-ref --format %(refname) %(objectname) --sort -committerdate
> git remote --verbose
> git config --get commit.template
> git fetch
> git status -z -u
> git symbolic-ref --short HEAD
> git rev-parse master
> git rev-parse --symbolic-full-name master@{u}
> git rev-list --left-right master...refs/remotes/origin/master
> git for-each-ref --format %(refname) %(objectname) --sort -committerdate
> git remote --verbose
> git config --get commit.template
> git ls-files --stage -- /home/sven/games/prime/prime.cpp
> git ls-files --stage -- /home/sven/games/prime/primeList.txt
> git cat-file -s e6ca71eef13896fa1fd1d2f4a4d84b0d06e3f96f
> git cat-file -s 6dc8a58ab8ccd643e01b09c07b8ced52126bb833
> git show :prime/prime.cpp
> git show :prime/primeList.txt
> git status -z -u
> git symbolic-ref --short HEAD
> git rev-parse master
> git rev-parse --symbolic-full-name master@{u}
> git rev-list --left-right master...refs/remotes/origin/master
> git for-each-ref --format %(refname) %(objectname) --sort -committerdate
> git remote --verbose
> git config --get commit.template
> git fetch
> git status -z -u
> git symbolic-ref --short HEAD
> git rev-parse master
> git rev-parse --symbolic-full-name master@{u}
> git rev-list --left-right master...refs/remotes/origin/master
> git for-each-ref --format %(refname) %(objectname) --sort -committerdate
> git remote --verbose
> git config --get commit.template
> git ls-files --stage -- /home/sven/games/prime/prime.cpp
> git ls-files --stage -- /home/sven/games/prime/primeList.txt
> git cat-file -s 6dc8a58ab8ccd643e01b09c07b8ced52126bb833
> git cat-file -s e6ca71eef13896fa1fd1d2f4a4d84b0d06e3f96f
> git show :prime/primeList.txt
> git show :prime/prime.cpp
> git status -z -u
> git symbolic-ref --short HEAD
> git rev-parse master
> git rev-parse --symbolic-full-name master@{u}
> git rev-list --left-right master...refs/remotes/origin/master
> git for-each-ref --format %(refname) %(objectname) --sort -committerdate
> git remote --verbose
> git config --get commit.template
> git fetch
> git status -z -u
> git symbolic-ref --short HEAD
> git rev-parse master
> git rev-parse --symbolic-full-name master@{u}
> git rev-list --left-right master...refs/remotes/origin/master
> git for-each-ref --format %(refname) %(objectname) --sort -committerdate
> git remote --verbose
> git config --get commit.template
> git ls-files --stage -- /home/sven/games/prime/prime.cpp
> git ls-files --stage -- /home/sven/games/prime/primeList.txt
> git cat-file -s e6ca71eef13896fa1fd1d2f4a4d84b0d06e3f96f
> git cat-file -s 6dc8a58ab8ccd643e01b09c07b8ced52126bb833
> git show :prime/prime.cpp
> git show :prime/primeList.txt
> git status -z -u
> git symbolic-ref --short HEAD
> git rev-parse master
> git rev-parse --symbolic-full-name master@{u}
> git rev-list --left-right master...refs/remotes/origin/master
> git for-each-ref --format %(refname) %(objectname) --sort -committerdate
> git remote --verbose
> git config --get commit.template
> git fetch
> git status -z -u
> git symbolic-ref --short HEAD
> git rev-parse master
> git rev-parse --symbolic-full-name master@{u}
> git rev-list --left-right master...refs/remotes/origin/master
> git for-each-ref --format %(refname) %(objectname) --sort -committerdate
> git remote --verbose
> git config --get commit.template
> git ls-files --stage -- /home/sven/games/prime/prime.cpp
> git ls-files --stage -- /home/sven/games/prime/primeList.txt
> git cat-file -s e6ca71eef13896fa1fd1d2f4a4d84b0d06e3f96f
> git cat-file -s 6dc8a58ab8ccd643e01b09c07b8ced52126bb833
> git show :prime/prime.cpp
> git show :prime/primeList.txt
> git status -z -u
> git symbolic-ref --short HEAD
> git rev-parse master
> git rev-parse --symbolic-full-name master@{u}
> git rev-list --left-right master...refs/remotes/origin/master
> git for-each-ref --format %(refname) %(objectname) --sort -committerdate
> git remote --verbose
> git config --get commit.template
> git fetch
> git status -z -u
> git symbolic-ref --short HEAD
> git rev-parse master
> git rev-parse --symbolic-full-name master@{u}
> git rev-list --left-right master...refs/remotes/origin/master
> git for-each-ref --format %(refname) %(objectname) --sort -committerdate
> git remote --verbose
> git config --get commit.template
> git ls-files --stage -- /home/sven/games/prime/prime.cpp
> git ls-files --stage -- /home/sven/games/prime/primeList.txt
> git cat-file -s e6ca71eef13896fa1fd1d2f4a4d84b0d06e3f96f
> git cat-file -s 6dc8a58ab8ccd643e01b09c07b8ced52126bb833
> git show :prime/prime.cpp
> git show :prime/primeList.txt
> git status -z -u
> git symbolic-ref --short HEAD
> git rev-parse master
> git rev-parse --symbolic-full-name master@{u}
> git rev-list --left-right master...refs/remotes/origin/master
> git for-each-ref --format %(refname) %(objectname) --sort -committerdate
> git remote --verbose
> git config --get commit.template
> git fetch
> git status -z -u
> git symbolic-ref --short HEAD
> git rev-parse master
> git rev-parse --symbolic-full-name master@{u}
> git rev-list --left-right master...refs/remotes/origin/master
> git for-each-ref --format %(refname) %(objectname) --sort -committerdate
> git remote --verbose
> git config --get commit.template
> git ls-files --stage -- /home/sven/games/prime/prime.cpp
> git ls-files --stage -- /home/sven/games/prime/primeList.txt
> git cat-file -s e6ca71eef13896fa1fd1d2f4a4d84b0d06e3f96f
> git cat-file -s 6dc8a58ab8ccd643e01b09c07b8ced52126bb833
> git show :prime/prime.cpp
> git show :prime/primeList.txt
> git status -z -u
> git symbolic-ref --short HEAD
> git rev-parse master
> git rev-parse --symbolic-full-name master@{u}
> git rev-list --left-right master...refs/remotes/origin/master
> git for-each-ref --format %(refname) %(objectname) --sort -committerdate
> git remote --verbose
> git config --get commit.template
> git fetch
> git status -z -u
> git symbolic-ref --short HEAD
> git rev-parse master
> git rev-parse --symbolic-full-name master@{u}
> git rev-list --left-right master...refs/remotes/origin/master
> git for-each-ref --format %(refname) %(objectname) --sort -committerdate
> git remote --verbose
> git config --get commit.template
> git ls-files --stage -- /home/sven/games/prime/prime.cpp
> git ls-files --stage -- /home/sven/games/prime/primeList.txt
> git cat-file -s e6ca71eef13896fa1fd1d2f4a4d84b0d06e3f96f
> git cat-file -s 6dc8a58ab8ccd643e01b09c07b8ced52126bb833
> git show :prime/prime.cpp
> git show :prime/primeList.txt
> git status -z -u
> git symbolic-ref --short HEAD
> git rev-parse master
> git rev-parse --symbolic-full-name master@{u}
> git rev-list --left-right master...refs/remotes/origin/master
> git for-each-ref --format %(refname) %(objectname) --sort -committerdate
> git remote --verbose
> git config --get commit.template
